mode: atomic
github.com/ai8future/serper_mod/serper/client.go:40.37,41.25 1 9
github.com/ai8future/serper_mod/serper/client.go:41.25,41.44 1 9
github.com/ai8future/serper_mod/serper/client.go:45.30,46.25 1 27
github.com/ai8future/serper_mod/serper/client.go:46.25,46.39 1 27
github.com/ai8future/serper_mod/serper/client.go:51.58,52.18 1 30
github.com/ai8future/serper_mod/serper/client.go:52.18,54.3 1 1
github.com/ai8future/serper_mod/serper/client.go:55.2,60.25 2 29
github.com/ai8future/serper_mod/serper/client.go:60.25,62.3 1 36
github.com/ai8future/serper_mod/serper/client.go:63.2,63.58 1 29
github.com/ai8future/serper_mod/serper/client.go:63.58,65.3 1 1
github.com/ai8future/serper_mod/serper/client.go:66.2,66.15 1 28
github.com/ai8future/serper_mod/serper/client.go:74.66,75.15 1 4
github.com/ai8future/serper_mod/serper/client.go:75.15,77.3 1 1
github.com/ai8future/serper_mod/serper/client.go:78.2,78.56 1 3
github.com/ai8future/serper_mod/serper/client.go:82.56,83.72 1 24
github.com/ai8future/serper_mod/serper/client.go:83.72,85.3 1 2
github.com/ai8future/serper_mod/serper/client.go:86.2,86.17 1 22
github.com/ai8future/serper_mod/serper/client.go:91.65,94.38 3 25
github.com/ai8future/serper_mod/serper/client.go:94.38,96.3 1 1
github.com/ai8future/serper_mod/serper/client.go:97.2,97.17 1 24
github.com/ai8future/serper_mod/serper/client.go:101.91,103.16 2 21
github.com/ai8future/serper_mod/serper/client.go:103.16,105.3 1 1
github.com/ai8future/serper_mod/serper/client.go:106.2,107.69 2 20
github.com/ai8future/serper_mod/serper/client.go:107.69,109.3 1 8
github.com/ai8future/serper_mod/serper/client.go:110.2,110.19 1 12
github.com/ai8future/serper_mod/serper/client.go:114.91,116.16 2 1
github.com/ai8future/serper_mod/serper/client.go:116.16,118.3 1 0
github.com/ai8future/serper_mod/serper/client.go:119.2,120.69 2 1
github.com/ai8future/serper_mod/serper/client.go:120.69,122.3 1 0
github.com/ai8future/serper_mod/serper/client.go:123.2,123.19 1 1
github.com/ai8future/serper_mod/serper/client.go:127.87,129.16 2 1
github.com/ai8future/serper_mod/serper/client.go:129.16,131.3 1 0
github.com/ai8future/serper_mod/serper/client.go:132.2,133.67 2 1
github.com/ai8future/serper_mod/serper/client.go:133.67,135.3 1 0
github.com/ai8future/serper_mod/serper/client.go:136.2,136.19 1 1
github.com/ai8future/serper_mod/serper/client.go:140.91,142.16 2 1
github.com/ai8future/serper_mod/serper/client.go:142.16,144.3 1 0
github.com/ai8future/serper_mod/serper/client.go:145.2,146.69 2 1
github.com/ai8future/serper_mod/serper/client.go:146.69,148.3 1 0
github.com/ai8future/serper_mod/serper/client.go:149.2,149.19 1 1
github.com/ai8future/serper_mod/serper/client.go:153.93,155.16 2 1
github.com/ai8future/serper_mod/serper/client.go:155.16,157.3 1 0
github.com/ai8future/serper_mod/serper/client.go:158.2,159.70 2 1
github.com/ai8future/serper_mod/serper/client.go:159.70,161.3 1 0
github.com/ai8future/serper_mod/serper/client.go:162.2,162.19 1 1
github.com/ai8future/serper_mod/serper/client.go:167.63,171.2 3 2
github.com/ai8future/serper_mod/serper/client.go:174.95,176.16 2 24
github.com/ai8future/serper_mod/serper/client.go:176.16,178.3 1 0
github.com/ai8future/serper_mod/serper/client.go:180.2,181.16 2 24
github.com/ai8future/serper_mod/serper/client.go:181.16,183.3 1 0
github.com/ai8future/serper_mod/serper/client.go:185.2,189.46 3 24
github.com/ai8future/serper_mod/serper/client.go:189.46,191.3 1 1
github.com/ai8future/serper_mod/serper/client.go:193.2,194.16 2 24
github.com/ai8future/serper_mod/serper/client.go:194.16,196.3 1 2
github.com/ai8future/serper_mod/serper/client.go:197.2,200.16 3 22
github.com/ai8future/serper_mod/serper/client.go:200.16,202.3 1 0
github.com/ai8future/serper_mod/serper/client.go:204.2,204.28 1 22
github.com/ai8future/serper_mod/serper/client.go:204.28,206.35 2 5
github.com/ai8future/serper_mod/serper/client.go:206.35,208.4 1 1
github.com/ai8future/serper_mod/serper/client.go:209.3,210.26 2 5
github.com/ai8future/serper_mod/serper/client.go:211.30,212.48 1 0
github.com/ai8future/serper_mod/serper/client.go:213.32,214.50 1 2
github.com/ai8future/serper_mod/serper/client.go:215.28,216.46 1 0
github.com/ai8future/serper_mod/serper/client.go:217.35,218.47 1 0
github.com/ai8future/serper_mod/serper/client.go:219.61,220.48 1 1
github.com/ai8future/serper_mod/serper/client.go:221.11,222.46 1 2
github.com/ai8future/serper_mod/serper/client.go:226.2,226.50 1 17
github.com/ai8future/serper_mod/serper/client.go:226.50,228.3 1 1
github.com/ai8future/serper_mod/serper/client.go:230.2,230.55 1 16
github.com/ai8future/serper_mod/serper/client.go:230.55,232.3 1 0
github.com/ai8future/serper_mod/serper/client.go:234.2,234.12 1 16
github.com/ai8future/serper_mod/serper/types.go:147.39,148.16 1 27
github.com/ai8future/serper_mod/serper/types.go:148.16,150.3 1 24
github.com/ai8future/serper_mod/serper/types.go:151.2,151.16 1 27
github.com/ai8future/serper_mod/serper/types.go:151.16,153.3 1 26
github.com/ai8future/serper_mod/serper/types.go:154.2,154.16 1 27
github.com/ai8future/serper_mod/serper/types.go:154.16,156.3 1 26
github.com/ai8future/serper_mod/serper/types.go:157.2,157.17 1 27
github.com/ai8future/serper_mod/serper/types.go:157.17,159.3 1 26
github.com/ai8future/serper_mod/serper/types.go:164.42,165.15 1 35
github.com/ai8future/serper_mod/serper/types.go:165.15,167.3 1 2
github.com/ai8future/serper_mod/serper/types.go:168.2,168.30 1 33
github.com/ai8future/serper_mod/serper/types.go:168.30,170.3 1 3
github.com/ai8future/serper_mod/serper/types.go:171.2,171.16 1 30
github.com/ai8future/serper_mod/serper/types.go:171.16,173.3 1 2
github.com/ai8future/serper_mod/serper/types.go:174.2,174.12 1 28
